<?xml version="1.0" encoding="UTF-8"?>
<!-- Generated by org.testng.reporters.JUnitReportReporter -->
<testsuite hostname="Mohammed" name="functionality.Quote_EP_FnT_Submission_Test" tests="1" failures="0" timestamp="7 Oct 2019 13:21:22 GMT" time="42.334" errors="0">
  <testcase name="Epquotesubmissiontesting" time="42.334" classname="functionality.Quote_EP_FnT_Submission_Test"/>
</testsuite> <!-- functionality.Quote_EP_FnT_Submission_Test -->
