<?xml version="1.0" encoding="UTF-8"?>
<!-- Generated by org.testng.reporters.JUnitReportReporter -->
<testsuite hostname="Mohammed" name="functionality.QuoteEptranslationsubmissionTest" tests="1" failures="0" timestamp="28 May 2019 05:25:53 GMT" time="43.598" errors="0">
  <testcase name="EPQuoteSubmissionTesting" time="43.598" classname="functionality.QuoteEptranslationsubmissionTest"/>
</testsuite> <!-- functionality.QuoteEptranslationsubmissionTest -->
