<?xml version="1.0" encoding="UTF-8"?>
<!-- Generated by org.testng.reporters.JUnitReportReporter -->
<testsuite hostname="Mohammed" name="MicrosoftFunctionality.MicrosoftAppnumberScrappingTest" tests="1" failures="0" timestamp="5 Jul 2019 09:13:45 GMT" time="92.829" errors="0">
  <testcase name="MicrosoftAppnumberScrappingTesting" time="92.829" classname="MicrosoftFunctionality.MicrosoftAppnumberScrappingTest"/>
</testsuite> <!-- MicrosoftFunctionality.MicrosoftAppnumberScrappingTest -->
