<?xml version="1.0" encoding="UTF-8"?>
<!-- Generated by org.testng.reporters.JUnitReportReporter -->
<testsuite hostname="Mohammed" name="MicrosoftFunctionality.Micro_QuoteEPFnTDiscardTest" tests="1" failures="0" timestamp="18 Jul 2019 12:27:49 GMT" time="125.989" errors="0">
  <testcase name="Micro_QuoteEPFnTDiscardTesting" time="125.989" classname="MicrosoftFunctionality.Micro_QuoteEPFnTDiscardTest"/>
</testsuite> <!-- MicrosoftFunctionality.Micro_QuoteEPFnTDiscardTest -->
