<?xml version="1.0" encoding="UTF-8"?>
<!-- Generated by org.testng.reporters.JUnitReportReporter -->
<testsuite hostname="Mohammed" name="functionality.QuoteEPFileandTranslateNoClaimsTesting" tests="1" failures="0" timestamp="28 May 2019 07:15:09 GMT" time="75.269" errors="0">
  <testcase name="QuoteEPFileandTranslateNoClaimsTesting1" time="75.269" classname="functionality.QuoteEPFileandTranslateNoClaimsTesting"/>
</testsuite> <!-- functionality.QuoteEPFileandTranslateNoClaimsTesting -->
