<?xml version="1.0" encoding="UTF-8"?>
<!-- Generated by org.testng.reporters.JUnitReportReporter -->
<testsuite hostname="Mohammed" name="functionality.QuoteEP_Patent_ManualEntry_Test" tests="1" failures="0" timestamp="4 Jun 2019 12:31:40 GMT" time="169.804" errors="0">
  <testcase name="QuoteEP_Patent_ManualEntry_Testing" time="169.804" classname="functionality.QuoteEP_Patent_ManualEntry_Test"/>
</testsuite> <!-- functionality.QuoteEP_Patent_ManualEntry_Test -->
