<?xml version="1.0" encoding="UTF-8"?>
<!-- Generated by org.testng.reporters.JUnitReportReporter -->
<testsuite hostname="Mohammed" name="functionality.Quote_Ep_ClaimsnTranslation_Test" tests="1" failures="0" timestamp="7 Oct 2019 13:23:16 GMT" time="39.802" errors="0">
  <testcase name="Epquotesubmissiontesting" time="39.802" classname="functionality.Quote_Ep_ClaimsnTranslation_Test"/>
</testsuite> <!-- functionality.Quote_Ep_ClaimsnTranslation_Test -->
