<?xml version="1.0" encoding="UTF-8"?>
<!-- Generated by org.testng.reporters.JUnitReportReporter -->
<testsuite hostname="Mohammed" name="functionality.QuoteEP_retrieve_Details_Test" tests="1" failures="0" timestamp="7 Jun 2019 05:43:47 GMT" time="20.584" errors="0">
  <testcase name="QuoteEP_retrieve_Details_Testing" time="20.584" classname="functionality.QuoteEP_retrieve_Details_Test"/>
</testsuite> <!-- functionality.QuoteEP_retrieve_Details_Test -->
