<?xml version="1.0" encoding="UTF-8"?>
<!-- Generated by org.testng.reporters.JUnitReportReporter -->
<testsuite hostname="Mohammed" name="functionality.QuoteEpGrantsubmissionTest" tests="1" failures="0" timestamp="10 Jun 2019 05:54:02 GMT" time="112.890" errors="0">
  <testcase name="EPQuoteSubmissionTesting" time="112.890" classname="functionality.QuoteEpGrantsubmissionTest"/>
</testsuite> <!-- functionality.QuoteEpGrantsubmissionTest -->
