<?xml version="1.0" encoding="UTF-8"?>
<!-- Generated by org.testng.reporters.JUnitReportReporter -->
<testsuite hostname="Mohammed" name="MicrosoftFunctionality.Micro_QuotePCTTranslateDiscardTest" tests="1" failures="0" timestamp="17 Jul 2019 12:50:55 GMT" time="93.341" errors="0">
  <testcase name="Micro_QuotePCTTranslationSaveTesting" time="93.341" classname="MicrosoftFunctionality.Micro_QuotePCTTranslateDiscardTest"/>
</testsuite> <!-- MicrosoftFunctionality.Micro_QuotePCTTranslateDiscardTest -->
