<?xml version="1.0" encoding="UTF-8"?>
<!-- Generated by org.testng.reporters.JUnitReportReporter -->
<testsuite hostname="Mohammed" name="MicrosoftFunctionality.Micro_QuotePCTTranslationTest" tests="1" failures="0" timestamp="16 Jul 2019 12:01:03 GMT" time="85.858" errors="0">
  <testcase name="Micro_QuotePCTTranslationTesting" time="85.858" classname="MicrosoftFunctionality.Micro_QuotePCTTranslationTest"/>
</testsuite> <!-- MicrosoftFunctionality.Micro_QuotePCTTranslationTest -->
