<?xml version="1.0" encoding="UTF-8"?>
<!-- Generated by org.testng.reporters.JUnitReportReporter -->
<testsuite hostname="Mohammed" name="MicrosoftFunctionality.Micro_QuoteEPFnTSubmissionTest" tests="1" failures="0" timestamp="8 Jul 2019 05:33:09 GMT" time="58.611" errors="0">
  <testcase name="Micro_QuoteEPFnTSubmissionTesting" time="58.611" classname="MicrosoftFunctionality.Micro_QuoteEPFnTSubmissionTest"/>
</testsuite> <!-- MicrosoftFunctionality.Micro_QuoteEPFnTSubmissionTest -->
