<?xml version="1.0" encoding="UTF-8"?>
<!-- Generated by org.testng.reporters.JUnitReportReporter -->
<testsuite hostname="Mohammed" name="functionality.QuotePCT_Patent_ManualEntryTest" tests="1" failures="0" timestamp="4 Jun 2019 11:19:42 GMT" time="47.261" errors="0">
  <testcase name="QuotePCT_Patent_ManualEntryTesting" time="47.261" classname="functionality.QuotePCT_Patent_ManualEntryTest"/>
</testsuite> <!-- functionality.QuotePCT_Patent_ManualEntryTest -->
