<?xml version="1.0" encoding="UTF-8"?>
<!-- Generated by org.testng.reporters.JUnitReportReporter -->
<testsuite hostname="Mohammed" name="MicrosoftFunctionality.Micro_QuoteEPFnTSaveTest" tests="1" failures="0" timestamp="18 Jul 2019 10:24:12 GMT" time="122.033" errors="0">
  <testcase name="Micro_QuoteEPFnTSaveTesting" time="122.033" classname="MicrosoftFunctionality.Micro_QuoteEPFnTSaveTest"/>
</testsuite> <!-- MicrosoftFunctionality.Micro_QuoteEPFnTSaveTest -->
