<?xml version="1.0" encoding="UTF-8"?>
<!-- Generated by org.testng.reporters.JUnitReportReporter -->
<testsuite hostname="Mohammed" name="MicrosoftFunctionality.MicrosoftLoginTest" tests="1" failures="0" timestamp="18 Jul 2019 12:27:49 GMT" time="62.767" errors="0">
  <testcase name="loginSuccessful" time="62.767" classname="MicrosoftFunctionality.MicrosoftLoginTest"/>
</testsuite> <!-- MicrosoftFunctionality.MicrosoftLoginTest -->
