<?xml version="1.0" encoding="UTF-8"?>
<!-- Generated by org.testng.reporters.JUnitReportReporter -->
<testsuite hostname="Mohammed" name="functionality.LoginTest" tests="1" failures="0" timestamp="3 Dec 2019 07:23:32 GMT" time="36.928" errors="0">
  <testcase name="loginSuccessful" time="36.928" classname="functionality.LoginTest"/>
</testsuite> <!-- functionality.LoginTest -->
