<?xml version="1.0" encoding="UTF-8"?>
<!-- Generated by org.testng.reporters.JUnitReportReporter -->
<testsuite hostname="Mohammed" name="functionality.Order_EP_FilenTranslate_Submission_Test" tests="1" failures="0" timestamp="1 Oct 2019 11:20:52 GMT" time="61.382" errors="0">
  <testcase name="ordertesting" time="61.382" classname="functionality.Order_EP_FilenTranslate_Submission_Test"/>
</testsuite> <!-- functionality.Order_EP_FilenTranslate_Submission_Test -->
