<?xml version="1.0" encoding="UTF-8"?>
<!-- Generated by org.testng.reporters.JUnitReportReporter -->
<testsuite hostname="Mohammed" name="MicrosoftFunctionality.Micro_QuotePCTTranslationSaveTest" tests="1" failures="0" timestamp="17 Jul 2019 11:17:28 GMT" time="85.743" errors="0">
  <testcase name="Micro_QuotePCTTranslationSaveTesting" time="85.743" classname="MicrosoftFunctionality.Micro_QuotePCTTranslationSaveTest"/>
</testsuite> <!-- MicrosoftFunctionality.Micro_QuotePCTTranslationSaveTest -->
