<?xml version="1.0" encoding="UTF-8"?>
<!-- Generated by org.testng.reporters.JUnitReportReporter -->
<testsuite hostname="Mohammed" name="functionality.QuotePCTTest" tests="1" failures="0" timestamp="21 May 2019 04:59:56 GMT" time="74.836" errors="0">
  <testcase name="quotetesting" time="74.836" classname="functionality.QuotePCTTest"/>
</testsuite> <!-- functionality.QuotePCTTest -->
