<?xml version="1.0" encoding="UTF-8"?>
<!-- Generated by org.testng.reporters.JUnitReportReporter -->
<testsuite hostname="Mohammed" name="functionality.Quote_EP_FnT_Save_Testing" tests="1" failures="0" timestamp="18 Oct 2019 11:25:02 GMT" time="71.297" errors="0">
  <testcase name="Quote_EP_SaveTest" time="71.297" classname="functionality.Quote_EP_FnT_Save_Testing"/>
</testsuite> <!-- functionality.Quote_EP_FnT_Save_Testing -->
