<?xml version="1.0" encoding="UTF-8"?>
<!-- Generated by org.testng.reporters.JUnitReportReporter -->
<testsuite hostname="Mohammed" name="functionality.Order_PCt_FileandTranslate_Test" tests="1" failures="0" timestamp="27 Jun 2019 11:07:50 GMT" time="50.711" errors="0">
  <testcase name="PCTQuoteSubmissionTesting" time="50.711" classname="functionality.Order_PCt_FileandTranslate_Test"/>
</testsuite> <!-- functionality.Order_PCt_FileandTranslate_Test -->
