<?xml version="1.0" encoding="UTF-8"?>
<!-- Generated by org.testng.reporters.JUnitReportReporter -->
<testsuite hostname="Mohammed" name="MicrosoftFunctionality.Micro_QuoteEPTranslationTest" tests="1" failures="0" timestamp="12 Jul 2019 10:48:20 GMT" time="59.205" errors="0">
  <testcase name="Micro_QuoteEPFnTSubmissionTesting" time="59.205" classname="MicrosoftFunctionality.Micro_QuoteEPTranslationTest"/>
</testsuite> <!-- MicrosoftFunctionality.Micro_QuoteEPTranslationTest -->
