<?xml version="1.0" encoding="UTF-8"?>
<!-- Generated by org.testng.reporters.JUnitReportReporter -->
<testsuite hostname="Mohammed" name="functionality.DFFileandTranslateTest" tests="1" failures="0" timestamp="21 May 2019 10:08:23 GMT" time="44.313" errors="0">
  <testcase name="quotetesting" time="44.313" classname="functionality.DFFileandTranslateTest"/>
</testsuite> <!-- functionality.DFFileandTranslateTest -->
