<?xml version="1.0" encoding="UTF-8"?>
<!-- Generated by org.testng.reporters.JUnitReportReporter -->
<testsuite hostname="Mohammed" name="functionality.QuotePCTFileandTranslateDiscardTest" tests="1" failures="0" timestamp="28 May 2019 08:39:12 GMT" time="118.006" errors="0">
  <testcase name="QuotePCTFileandSubmissionSaveTesing" time="118.006" classname="functionality.QuotePCTFileandTranslateDiscardTest"/>
</testsuite> <!-- functionality.QuotePCTFileandTranslateDiscardTest -->
