<?xml version="1.0" encoding="UTF-8"?>
<!-- Generated by org.testng.reporters.JUnitReportReporter -->
<testsuite hostname="Mohammed" name="MicrosoftFunctionality.Micro_QuotePCTFnTSubmissionTest" tests="1" failures="0" timestamp="12 Jul 2019 11:15:38 GMT" time="80.478" errors="0">
  <testcase name="Micro_QuotePCTFnTSubmissionTesting" time="80.478" classname="MicrosoftFunctionality.Micro_QuotePCTFnTSubmissionTest"/>
</testsuite> <!-- MicrosoftFunctionality.Micro_QuotePCTFnTSubmissionTest -->
