<?xml version="1.0" encoding="UTF-8"?>
<!-- Generated by org.testng.reporters.JUnitReportReporter -->
<testsuite hostname="Mohammed" name="functionality.QuotePCTFileandSubmissionSaveTest" tests="1" failures="0" timestamp="28 May 2019 08:32:17 GMT" time="110.459" errors="0">
  <testcase name="QuotePCTFileandSubmissionSaveTesing" time="110.459" classname="functionality.QuotePCTFileandSubmissionSaveTest"/>
</testsuite> <!-- functionality.QuotePCTFileandSubmissionSaveTest -->
